[debug] [2020-04-09T08:40:50.545Z] ----------------------------------------------------------------------
[debug] [2020-04-09T08:40:50.547Z] Command:       /usr/local/bin/node /usr/local/bin/firebase functions:shell
[debug] [2020-04-09T08:40:50.548Z] CLI Version:   7.14.0
[debug] [2020-04-09T08:40:50.548Z] Platform:      darwin
[debug] [2020-04-09T08:40:50.548Z] Node Version:  v10.16.3
[debug] [2020-04-09T08:40:50.581Z] Time:          Thu Apr 09 2020 03:40:50 GMT-0500 (Central Daylight Time)
[debug] [2020-04-09T08:40:50.581Z] ----------------------------------------------------------------------
[debug] [2020-04-09T08:40:50.581Z] 
[debug] [2020-04-09T08:40:50.596Z] > command requires scopes: ["email","openid","https://www.googleapis.com/auth/cloudplatformprojects.readonly","https://www.googleapis.com/auth/firebase","https://www.googleapis.com/auth/cloud-platform"]
[debug] [2020-04-09T08:40:50.596Z] > authorizing via signed-in user
[debug] [2020-04-09T08:40:50.597Z] [iam] checking project evansgray-4a16f for permissions ["firebase.projects.get"]
[debug] [2020-04-09T08:40:50.598Z] > refreshing access token with scopes: ["email","https://www.googleapis.com/auth/cloud-platform","https://www.googleapis.com/auth/cloudplatformprojects.readonly","https://www.googleapis.com/auth/firebase","openid"]
[debug] [2020-04-09T08:40:50.598Z] >>> HTTP REQUEST POST https://www.googleapis.com/oauth2/v3/token  
 <request body omitted>
[debug] [2020-04-09T08:40:50.891Z] <<< HTTP RESPONSE 200
[debug] [2020-04-09T08:40:50.917Z] >>> HTTP REQUEST POST https://cloudresourcemanager.googleapis.com/v1/projects/evansgray-4a16f:testIamPermissions  

[debug] [2020-04-09T08:40:51.189Z] <<< HTTP RESPONSE 200
[warn] ⚠  Your requested "node" version "8" doesn't match your global version "10"
[info] ✔  functions: functions emulator started at http://localhost:5000
[debug] [2020-04-09T08:40:51.234Z] [functions] Watching "/Users/justinmiller/Documents/GitHub/evansgray/evansgray/functions" for Cloud Functions...
[debug] [2020-04-09T08:40:51.245Z] DEBUG: [worker-pool] addWorker(~diagnostic~)
[debug] [2020-04-09T08:40:51.245Z] DEBUG: [worker-pool] Adding worker with key ~diagnostic~, total=1
[debug] [2020-04-09T08:40:51.245Z] DEBUG: [worker-pool] submitWork(triggerId=)
[debug] [2020-04-09T08:40:51.246Z] DEBUG: [worker-~diagnostic~-626bd4b6-c843-4b25-8239-52ee5242f8ec]: Assigning socketPath: /var/folders/7q/xh30xm7546vcps_84q368jww0000gn/T/fire_emu_8088.sock
[debug] [2020-04-09T08:40:51.246Z] DEBUG: [worker-~diagnostic~-626bd4b6-c843-4b25-8239-52ee5242f8ec]: BUSY
[debug] [2020-04-09T08:40:51.839Z] DEBUG: [runtime-status] [8088] Functions runtime initialized. {"cwd":"/Users/justinmiller/Documents/GitHub/evansgray/evansgray/functions","node_version":"10.16.3"}
[debug] [2020-04-09T08:40:51.841Z] DEBUG: [runtime-status] [8088] Disabled runtime features: {"functions_config_helper":true,"network_filtering":true,"timeout":true,"memory_limiting":true,"admin_stubs":true,"pubsub_emulator":true}
[debug] [2020-04-09T08:40:51.845Z] DEBUG: [runtime-status] [8088] Resolved module firebase-admin {"declared":true,"installed":true,"version":"8.9.2","resolution":"/Users/justinmiller/Documents/GitHub/evansgray/evansgray/functions/node_modules/firebase-admin/lib/index.js"}
[debug] [2020-04-09T08:40:51.847Z] DEBUG: [runtime-status] [8088] Resolved module firebase-functions {"declared":true,"installed":true,"version":"3.3.0","resolution":"/Users/justinmiller/Documents/GitHub/evansgray/evansgray/functions/node_modules/firebase-functions/lib/index.js"}
[debug] [2020-04-09T08:40:51.847Z] DEBUG: [runtime-status] [8088] Resolved module firebase-functions {"declared":true,"installed":true,"version":"3.3.0","resolution":"/Users/justinmiller/Documents/GitHub/evansgray/evansgray/functions/node_modules/firebase-functions/lib/index.js"}
[warn] ⚠  TypeError: Cannot read property 'key' of undefined
    at Object.<anonymous> (/Users/justinmiller/Documents/GitHub/evansgray/evansgray/functions/index.js:8:44)
    at Module._compile (internal/modules/cjs/loader.js:778:30)
    at Object.Module._extensions..js (internal/modules/cjs/loader.js:789:10)
    at Module.load (internal/modules/cjs/loader.js:653:32)
    at tryModuleLoad (internal/modules/cjs/loader.js:593:12)
    at Function.Module._load (internal/modules/cjs/loader.js:585:3)
    at Module.require (internal/modules/cjs/loader.js:692:17)
    at require (internal/modules/cjs/helpers.js:25:18)
    at /usr/local/lib/node_modules/firebase-tools/lib/emulator/functionsEmulatorRuntime.js:719:33
    at Generator.next (<anonymous>)
[warn] ⚠  We were unable to load your functions code. (see above)
[debug] [2020-04-09T08:40:52.594Z] DEBUG: [worker-~diagnostic~-626bd4b6-c843-4b25-8239-52ee5242f8ec]: exited
[debug] [2020-04-09T08:40:52.594Z] DEBUG: [worker-~diagnostic~-626bd4b6-c843-4b25-8239-52ee5242f8ec]: FINISHED
